Copyright 1986-2016 Xilinx, Inc. All Rights Reserved.
----------------------------------------------------------------------------------------------------------------------------------------------------------------------
| Tool Version     : Vivado v.2016.4 (win64) Build 1756540 Mon Jan 23 19:11:23 MST 2017
| Date             : Tue Dec 31 00:31:49 2019
| Host             : DESKTOP-L8BMGDC running 64-bit major release  (build 9200)
| Command          : report_power -file design_1_wrapper_power_routed.rpt -pb design_1_wrapper_power_summary_routed.pb -rpx design_1_wrapper_power_routed.rpx
| Design           : design_1_wrapper
| Device           : xc7z007sclg400-1
| Design State     : routed
| Grade            : commercial
| Process          : typical
| Characterization : Advance
----------------------------------------------------------------------------------------------------------------------------------------------------------------------

Power Report

Table of Contents
-----------------
1. Summary
1.1 On-Chip Components
1.2 Power Supply Summary
1.3 Confidence Level
2. Settings
2.1 Environment
2.2 Clock Constraints
3. Detailed Reports
3.1 By Hierarchy

1. Summary
----------

+--------------------------+--------+
| Total On-Chip Power (W)  | 1.482  |
| Dynamic (W)              | 1.353  |
| Device Static (W)        | 0.129  |
| Effective TJA (C/W)      | 11.5   |
| Max Ambient (C)          | 67.9   |
| Junction Temperature (C) | 42.1   |
| Confidence Level         | Medium |
| Setting File             | ---    |
| Simulation Activity File | ---    |
| Design Nets Matched      | NA     |
+--------------------------+--------+


1.1 On-Chip Components
----------------------

+--------------------------+-----------+----------+-----------+-----------------+
| On-Chip                  | Power (W) | Used     | Available | Utilization (%) |
+--------------------------+-----------+----------+-----------+-----------------+
| Clocks                   |     0.007 |        5 |       --- |             --- |
| Slice Logic              |     0.002 |     3634 |       --- |             --- |
|   LUT as Logic           |     0.002 |     1090 |     14400 |            7.57 |
|   Register               |    <0.001 |     1686 |     28800 |            5.85 |
|   CARRY4                 |    <0.001 |       41 |      4400 |            0.93 |
|   LUT as Shift Register  |    <0.001 |       86 |      6000 |            1.43 |
|   Others                 |     0.000 |      429 |       --- |             --- |
|   LUT as Distributed RAM |     0.000 |       10 |      6000 |            0.17 |
| Signals                  |     0.002 |     2550 |       --- |             --- |
| Block RAM                |    <0.001 |      0.5 |        50 |            1.00 |
| MMCM                     |     0.085 |        1 |         2 |           50.00 |
| I/O                      |    <0.001 |       16 |       100 |           16.00 |
| PS7                      |     1.256 |        1 |       --- |             --- |
| Static Power             |     0.129 |          |           |                 |
| Total                    |     1.482 |          |           |                 |
+--------------------------+-----------+----------+-----------+-----------------+


1.2 Power Supply Summary
------------------------

+-----------+-------------+-----------+-------------+------------+
| Source    | Voltage (V) | Total (A) | Dynamic (A) | Static (A) |
+-----------+-------------+-----------+-------------+------------+
| Vccint    |       1.000 |     0.018 |       0.012 |      0.006 |
| Vccaux    |       1.800 |     0.059 |       0.047 |      0.012 |
| Vcco33    |       3.300 |     0.001 |       0.000 |      0.001 |
| Vcco25    |       2.500 |     0.000 |       0.000 |      0.000 |
| Vcco18    |       1.800 |     0.001 |       0.000 |      0.001 |
| Vcco15    |       1.500 |     0.000 |       0.000 |      0.000 |
| Vcco135   |       1.350 |     0.000 |       0.000 |      0.000 |
| Vcco12    |       1.200 |     0.000 |       0.000 |      0.000 |
| Vccaux_io |       1.800 |     0.000 |       0.000 |      0.000 |
| Vccbram   |       1.000 |     0.000 |       0.000 |      0.000 |
| MGTAVcc   |       1.000 |     0.000 |       0.000 |      0.000 |
| MGTAVtt   |       1.200 |     0.000 |       0.000 |      0.000 |
| MGTVccaux |       1.800 |     0.000 |       0.000 |      0.000 |
| Vccpint   |       1.000 |     0.680 |       0.653 |      0.028 |
| Vccpaux   |       1.800 |     0.036 |       0.026 |      0.010 |
| Vccpll    |       1.800 |     0.017 |       0.014 |      0.003 |
| Vcco_ddr  |       1.500 |     0.354 |       0.352 |      0.002 |
| Vcco_mio0 |       3.300 |     0.001 |       0.000 |      0.001 |
| Vcco_mio1 |       1.800 |     0.003 |       0.002 |      0.001 |
| Vccadc    |       1.800 |     0.020 |       0.000 |      0.020 |
+-----------+-------------+-----------+-------------+------------+


1.3 Confidence Level
--------------------

+-----------------------------+------------+------------------------------------------------+------------------------------------------------------------------------------------------------------------+
| User Input Data             | Confidence | Details                                        | Action                                                                                                     |
+-----------------------------+------------+------------------------------------------------+------------------------------------------------------------------------------------------------------------+
| Design implementation state | High       | Design is routed                               |                                                                                                            |
| Clock nodes activity        | High       | User specified more than 95% of clocks         |                                                                                                            |
| I/O nodes activity          | High       | User specified more than 95% of inputs         |                                                                                                            |
| Internal nodes activity     | Medium     | User specified less than 25% of internal nodes | Provide missing internal nodes activity with simulation results or by editing the "By Resource Type" views |
| Device models               | Medium     | Device models are not Production               | Device models may change and in turn slightly affect accuracy                                              |
|                             |            |                                                |                                                                                                            |
| Overall confidence level    | Medium     |                                                |                                                                                                            |
+-----------------------------+------------+------------------------------------------------+------------------------------------------------------------------------------------------------------------+


2. Settings
-----------

2.1 Environment
---------------

+-----------------------+------------------------+
| Ambient Temp (C)      | 25.0                   |
| ThetaJA (C/W)         | 11.5                   |
| Airflow (LFM)         | 250                    |
| Heat Sink             | none                   |
| ThetaSA (C/W)         | 0.0                    |
| Board Selection       | medium (10"x10")       |
| # of Board Layers     | 8to11 (8 to 11 Layers) |
| Board Temperature (C) | 25.0                   |
+-----------------------+------------------------+


2.2 Clock Constraints
---------------------

+------------+-------------------------------------------------------------+-----------------+
| Clock      | Domain                                                      | Constraint (ns) |
+------------+-------------------------------------------------------------+-----------------+
| CLKFBOUT   | design_1_i/display_0/inst/syncgen/pckgen/CLKFBOUT           |            40.0 |
| clk_fpga_0 | design_1_i/processing_system7_0/inst/FCLK_CLK_unbuffered[0] |            10.0 |
| iPCK       | design_1_i/display_0/inst/syncgen/pckgen/iPCK               |            40.0 |
+------------+-------------------------------------------------------------+-----------------+


3. Detailed Reports
-------------------

3.1 By Hierarchy
----------------

+----------------------------------------------------------------------------------------+-----------+
| Name                                                                                   | Power (W) |
+----------------------------------------------------------------------------------------+-----------+
| design_1_wrapper                                                                       |     1.353 |
|   design_1_i                                                                           |     1.353 |
|     axi_gpio_0                                                                         |    <0.001 |
|       U0                                                                               |    <0.001 |
|         AXI_LITE_IPIF_I                                                                |    <0.001 |
|           I_SLAVE_ATTACHMENT                                                           |    <0.001 |
|             I_DECODER                                                                  |    <0.001 |
|         gpio_core_1                                                                    |    <0.001 |
|     axi_gpio_1                                                                         |    <0.001 |
|       U0                                                                               |    <0.001 |
|         AXI_LITE_IPIF_I                                                                |    <0.001 |
|           I_SLAVE_ATTACHMENT                                                           |    <0.001 |
|             I_DECODER                                                                  |    <0.001 |
|         gpio_core_1                                                                    |    <0.001 |
|           Dual.INPUT_DOUBLE_REGS4                                                      |    <0.001 |
|     axi_mem_intercon                                                                   |     0.003 |
|       s00_couplers                                                                     |     0.003 |
|         auto_pc                                                                        |     0.001 |
|           inst                                                                         |     0.001 |
|             gen_axi4_axi3.axi3_conv_inst                                               |     0.001 |
|               USE_READ.USE_SPLIT_R.read_addr_inst                                      |    <0.001 |
|                 USE_R_CHANNEL.cmd_queue                                                |    <0.001 |
|                   inst                                                                 |    <0.001 |
|                     fifo_gen_inst                                                      |    <0.001 |
|                       inst_fifo_gen                                                    |    <0.001 |
|                         gconvfifo.rf                                                   |    <0.001 |
|                           grf.rf                                                       |    <0.001 |
|                             gntv_or_sync_fifo.gl0.rd                                   |    <0.001 |
|                               gr1.gr1_int.rfwft                                        |    <0.001 |
|                               grss.rsts                                                |    <0.001 |
|                               rpntr                                                    |    <0.001 |
|                             gntv_or_sync_fifo.gl0.wr                                   |    <0.001 |
|                               gwss.wsts                                                |    <0.001 |
|                               wpntr                                                    |    <0.001 |
|                             gntv_or_sync_fifo.mem                                      |    <0.001 |
|                               gdm.dm_gen.dm                                            |    <0.001 |
|                                 RAM_reg_0_31_0_0                                       |    <0.001 |
|                             rstblk                                                     |    <0.001 |
|                               ngwrdrst.grst.g7serrst.gwrrd_rst_sync_stage[1].rrst_inst |    <0.001 |
|                               ngwrdrst.grst.g7serrst.gwrrd_rst_sync_stage[1].wrst_inst |    <0.001 |
|                               ngwrdrst.grst.g7serrst.gwrrd_rst_sync_stage[2].rrst_inst |    <0.001 |
|                               ngwrdrst.grst.g7serrst.gwrrd_rst_sync_stage[2].wrst_inst |    <0.001 |
|               USE_WRITE.USE_SPLIT_W.write_resp_inst                                    |    <0.001 |
|               USE_WRITE.write_addr_inst                                                |    <0.001 |
|                 USE_BURSTS.cmd_queue                                                   |    <0.001 |
|                   inst                                                                 |    <0.001 |
|                     fifo_gen_inst                                                      |    <0.001 |
|                       inst_fifo_gen                                                    |    <0.001 |
|                         gconvfifo.rf                                                   |    <0.001 |
|                           grf.rf                                                       |    <0.001 |
|                             gntv_or_sync_fifo.gl0.rd                                   |    <0.001 |
|                               gr1.gr1_int.rfwft                                        |    <0.001 |
|                               grss.rsts                                                |    <0.001 |
|                               rpntr                                                    |    <0.001 |
|                             gntv_or_sync_fifo.gl0.wr                                   |    <0.001 |
|                               gwss.wsts                                                |    <0.001 |
|                               wpntr                                                    |    <0.001 |
|                             gntv_or_sync_fifo.mem                                      |    <0.001 |
|                               gdm.dm_gen.dm                                            |    <0.001 |
|                                 RAM_reg_0_31_0_4                                       |    <0.001 |
|                             rstblk                                                     |    <0.001 |
|                               ngwrdrst.grst.g7serrst.gwrrd_rst_sync_stage[1].rrst_inst |    <0.001 |
|                               ngwrdrst.grst.g7serrst.gwrrd_rst_sync_stage[1].wrst_inst |    <0.001 |
|                               ngwrdrst.grst.g7serrst.gwrrd_rst_sync_stage[2].rrst_inst |    <0.001 |
|                               ngwrdrst.grst.g7serrst.gwrrd_rst_sync_stage[2].wrst_inst |    <0.001 |
|                 USE_B_CHANNEL.cmd_b_queue                                              |    <0.001 |
|                   inst                                                                 |    <0.001 |
|                     fifo_gen_inst                                                      |    <0.001 |
|                       inst_fifo_gen                                                    |    <0.001 |
|                         gconvfifo.rf                                                   |    <0.001 |
|                           grf.rf                                                       |    <0.001 |
|                             gntv_or_sync_fifo.gl0.rd                                   |    <0.001 |
|                               gr1.gr1_int.rfwft                                        |    <0.001 |
|                               grss.rsts                                                |    <0.001 |
|                               rpntr                                                    |    <0.001 |
|                             gntv_or_sync_fifo.gl0.wr                                   |    <0.001 |
|                               gwss.wsts                                                |    <0.001 |
|                               wpntr                                                    |    <0.001 |
|                             gntv_or_sync_fifo.mem                                      |    <0.001 |
|                               gdm.dm_gen.dm                                            |    <0.001 |
|                                 RAM_reg_0_31_0_4                                       |    <0.001 |
|                             rstblk                                                     |    <0.001 |
|                               ngwrdrst.grst.g7serrst.gwrrd_rst_sync_stage[1].rrst_inst |    <0.001 |
|                               ngwrdrst.grst.g7serrst.gwrrd_rst_sync_stage[1].wrst_inst |    <0.001 |
|                               ngwrdrst.grst.g7serrst.gwrrd_rst_sync_stage[2].rrst_inst |    <0.001 |
|                               ngwrdrst.grst.g7serrst.gwrrd_rst_sync_stage[2].wrst_inst |    <0.001 |
|               USE_WRITE.write_data_inst                                                |     0.000 |
|         auto_us                                                                        |     0.002 |
|           inst                                                                         |     0.002 |
|             gen_upsizer.gen_full_upsizer.axi_upsizer_inst                              |     0.002 |
|               USE_READ.gen_non_fifo_r_upsizer.mi_register_slice_inst                   |    <0.001 |
|                 r_pipe                                                                 |    <0.001 |
|               USE_READ.gen_non_fifo_r_upsizer.read_data_inst                           |    <0.001 |
|               USE_READ.read_addr_inst                                                  |    <0.001 |
|                 GEN_CMD_QUEUE.cmd_queue                                                |    <0.001 |
|                 gen_id_queue.id_queue                                                  |    <0.001 |
|               USE_WRITE.gen_non_fifo_w_upsizer.write_data_inst                         |    <0.001 |
|               USE_WRITE.write_addr_inst                                                |    <0.001 |
|                 GEN_CMD_QUEUE.cmd_queue                                                |    <0.001 |
|                 gen_id_queue.id_queue                                                  |    <0.001 |
|               si_register_slice_inst                                                   |    <0.001 |
|                 ar_pipe                                                                |    <0.001 |
|                 aw_pipe                                                                |    <0.001 |
|     display_0                                                                          |     0.086 |
|       inst                                                                             |     0.086 |
|         disp_ctrl                                                                      |    <0.001 |
|         disp_fifo                                                                      |    <0.001 |
|           U0                                                                           |    <0.001 |
|             inst_fifo_gen                                                              |    <0.001 |
|               gconvfifo.rf                                                             |    <0.001 |
|                 grf.rf                                                                 |    <0.001 |
|                   gntv_or_sync_fifo.gcx.clkx                                           |    <0.001 |
|                     gnxpm_cdc.gsync_stage[1].rd_stg_inst                               |    <0.001 |
|                     gnxpm_cdc.gsync_stage[1].wr_stg_inst                               |    <0.001 |
|                     gnxpm_cdc.gsync_stage[2].rd_stg_inst                               |    <0.001 |
|                     gnxpm_cdc.gsync_stage[2].wr_stg_inst                               |    <0.001 |
|                   gntv_or_sync_fifo.gl0.rd                                             |    <0.001 |
|                     gras.rsts                                                          |    <0.001 |
|                       c0                                                               |    <0.001 |
|                       c1                                                               |    <0.001 |
|                     grhf.rhf                                                           |    <0.001 |
|                     rpntr                                                              |    <0.001 |
|                   gntv_or_sync_fifo.gl0.wr                                             |    <0.001 |
|                     gwas.gwdc0.wdc                                                     |    <0.001 |
|                     gwas.wsts                                                          |    <0.001 |
|                       c1                                                               |    <0.001 |
|                       c2                                                               |    <0.001 |
|                     gwhf.whf                                                           |    <0.001 |
|                     wpntr                                                              |    <0.001 |
|                   gntv_or_sync_fifo.mem                                                |    <0.001 |
|                     gbm.gbmg.gbmga.ngecc.bmg                                           |    <0.001 |
|                       inst_blk_mem_gen                                                 |    <0.001 |
|                         gnbram.gnativebmg.native_blk_mem_gen                           |    <0.001 |
|                           valid.cstr                                                   |    <0.001 |
|                             ramloop[0].ram.r                                           |    <0.001 |
|                               prim_noinit.ram                                          |    <0.001 |
|                   rstblk                                                               |    <0.001 |
|                     ngwrdrst.grst.g7serrst.gwrrd_rst_sync_stage[1].rrst_inst           |    <0.001 |
|                     ngwrdrst.grst.g7serrst.gwrrd_rst_sync_stage[1].wrst_inst           |    <0.001 |
|                     ngwrdrst.grst.g7serrst.gwrrd_rst_sync_stage[2].rrst_inst           |    <0.001 |
|                     ngwrdrst.grst.g7serrst.gwrrd_rst_sync_stage[2].wrst_inst           |    <0.001 |
|         disp_flag                                                                      |    <0.001 |
|         disp_out                                                                       |    <0.001 |
|         syncgen                                                                        |     0.085 |
|           pckgen                                                                       |     0.085 |
|     processing_system7_0                                                               |     1.257 |
|       inst                                                                             |     1.257 |
|     ps7_0_axi_periph                                                                   |     0.005 |
|       s00_couplers                                                                     |     0.005 |
|         auto_pc                                                                        |     0.005 |
|           inst                                                                         |     0.005 |
|             gen_axilite.gen_b2s_conv.axilite_b2s                                       |     0.005 |
|               RD.ar_channel_0                                                          |    <0.001 |
|                 ar_cmd_fsm_0                                                           |    <0.001 |
|                 cmd_translator_0                                                       |    <0.001 |
|                   incr_cmd_0                                                           |    <0.001 |
|                   wrap_cmd_0                                                           |    <0.001 |
|               RD.r_channel_0                                                           |     0.001 |
|                 rd_data_fifo_0                                                         |    <0.001 |
|                 transaction_fifo_0                                                     |    <0.001 |
|               SI_REG                                                                   |     0.002 |
|                 ar_pipe                                                                |    <0.001 |
|                 aw_pipe                                                                |    <0.001 |
|                 b_pipe                                                                 |    <0.001 |
|                 r_pipe                                                                 |    <0.001 |
|               WR.aw_channel_0                                                          |    <0.001 |
|                 aw_cmd_fsm_0                                                           |    <0.001 |
|                 cmd_translator_0                                                       |    <0.001 |
|                   incr_cmd_0                                                           |    <0.001 |
|                   wrap_cmd_0                                                           |    <0.001 |
|               WR.b_channel_0                                                           |    <0.001 |
|                 bid_fifo_0                                                             |    <0.001 |
|                 bresp_fifo_0                                                           |    <0.001 |
|       xbar                                                                             |    <0.001 |
|         inst                                                                           |    <0.001 |
|           gen_sasd.crossbar_sasd_0                                                     |    <0.001 |
|             addr_arbiter_inst                                                          |    <0.001 |
|             gen_decerr.decerr_slave_inst                                               |    <0.001 |
|             reg_slice_r                                                                |    <0.001 |
|             splitter_ar                                                                |    <0.001 |
|             splitter_aw                                                                |    <0.001 |
|     rst_ps7_0_50M                                                                      |    <0.001 |
|       U0                                                                               |    <0.001 |
|         EXT_LPF                                                                        |    <0.001 |
|           ACTIVE_LOW_EXT.ACT_LO_EXT                                                    |    <0.001 |
|         SEQ                                                                            |    <0.001 |
|           SEQ_COUNTER                                                                  |    <0.001 |
|     xlconcat_0                                                                         |     0.000 |
+----------------------------------------------------------------------------------------+-----------+


